$Number_of_Clusters   =  10
$Seed = -1985

$Leader_Info  1 {

	Num_Members =  39
	Total_Energy = 47.851
	vdW = -23.817
	Coulomb = -0.137
	Internal = 71.805
	rmsd = 0.000

}

$Leader_Info  2 {

	Num_Members =  38
	Total_Energy = 48.155
	vdW = -20.368
	Coulomb = -3.438
	Internal = 71.962
	rmsd = 9.313

}

$Leader_Info  3 {

	Num_Members =  43
	Total_Energy = 48.509
	vdW = -22.943
	Coulomb = 0.101
	Internal = 71.352
	rmsd = 9.087

}

$Leader_Info  4 {

	Num_Members =  41
	Total_Energy = 48.690
	vdW = -22.803
	Coulomb = -0.712
	Internal = 72.205
	rmsd = 9.244

}

$Leader_Info  5 {

	Num_Members =  46
	Total_Energy = 49.150
	vdW = -12.866
	Coulomb = -9.422
	Internal = 71.438
	rmsd = 5.197

}

$Leader_Info  6 {

	Num_Members =  44
	Total_Energy = 49.544
	vdW = -21.666
	Coulomb = -0.136
	Internal = 71.346
	rmsd = 2.777

}

$Leader_Info  7 {

	Num_Members =  62
	Total_Energy = 50.017
	vdW = -21.369
	Coulomb = -0.068
	Internal = 71.454
	rmsd = 3.571

}

$Leader_Info  8 {

	Num_Members =  48
	Total_Energy = 50.160
	vdW = -20.446
	Coulomb = -0.910
	Internal = 71.516
	rmsd = 3.285

}

$Leader_Info  9 {

	Num_Members =  33
	Total_Energy = 50.317
	vdW = -21.136
	Coulomb = -0.215
	Internal = 71.669
	rmsd = 1.632

}

$Leader_Info 10 {

	Num_Members =  44
	Total_Energy = 50.755
	vdW = -12.452
	Coulomb = -7.773
	Internal = 70.980
	rmsd = 5.938

}

