$Number_of_Clusters   =  10
$Seed = -1985

$Leader_Info  1 {

	Num_Members =  34
	Total_Energy = 48.072
	vdW = -23.493
	Coulomb = -0.144
	Internal = 71.708
	rmsd = 0.000

}

$Leader_Info  2 {

	Num_Members =  40
	Total_Energy = 48.406
	vdW = -23.061
	Coulomb = 0.089
	Internal = 71.379
	rmsd = 9.175

}

$Leader_Info  3 {

	Num_Members =  38
	Total_Energy = 48.712
	vdW = -12.855
	Coulomb = -9.756
	Internal = 71.323
	rmsd = 5.197

}

$Leader_Info  4 {

	Num_Members =  42
	Total_Energy = 49.607
	vdW = -21.578
	Coulomb = -0.135
	Internal = 71.320
	rmsd = 2.690

}

$Leader_Info  5 {

	Num_Members =  48
	Total_Energy = 50.012
	vdW = -21.326
	Coulomb = -0.122
	Internal = 71.460
	rmsd = 3.481

}

$Leader_Info  6 {

	Num_Members =  37
	Total_Energy = 50.428
	vdW = -21.017
	Coulomb = -0.210
	Internal = 71.655
	rmsd = 1.464

}

$Leader_Info  7 {

	Num_Members =  44
	Total_Energy = 50.854
	vdW = -12.306
	Coulomb = -9.283
	Internal = 72.444
	rmsd = 5.967

}

$Leader_Info  8 {

	Num_Members =  46
	Total_Energy = 50.860
	vdW = -19.753
	Coulomb = -0.485
	Internal = 71.099
	rmsd = 4.439

}

$Leader_Info  9 {

	Num_Members =  24
	Total_Energy = 50.993
	vdW = -20.301
	Coulomb = -0.491
	Internal = 71.784
	rmsd = 4.381

}

$Leader_Info 10 {

	Num_Members =  35
	Total_Energy = 51.223
	vdW = -19.670
	Coulomb = -0.373
	Internal = 71.266
	rmsd = 2.458

}

