$Number_of_Clusters   =  10
$Seed = -1985

$Leader_Info  1 {

	Num_Members =  25
	Total_Energy = 38.050
	vdW = -25.515
	Coulomb = -7.727
	Internal = 71.292
	rmsd = 0.000

}

$Leader_Info  2 {

	Num_Members =  38
	Total_Energy = 41.018
	vdW = -22.923
	Coulomb = -7.694
	Internal = 71.634
	rmsd = 1.835

}

$Leader_Info  3 {

	Num_Members =  40
	Total_Energy = 42.515
	vdW = -19.583
	Coulomb = -9.502
	Internal = 71.599
	rmsd = 3.769

}

$Leader_Info  4 {

	Num_Members =   1
	Total_Energy = 43.086
	vdW = -21.242
	Coulomb = -7.410
	Internal = 71.737
	rmsd = 3.992

}

$Leader_Info  5 {

	Num_Members =  36
	Total_Energy = 44.000
	vdW = -18.536
	Coulomb = -9.769
	Internal = 72.306
	rmsd = 4.610

}

$Leader_Info  6 {

	Num_Members =  48
	Total_Energy = 45.230
	vdW = -26.230
	Coulomb = 0.014
	Internal = 71.446
	rmsd = 4.255

}

$Leader_Info  7 {

	Num_Members =  17
	Total_Energy = 45.476
	vdW = -21.977
	Coulomb = -4.460
	Internal = 71.912
	rmsd = 4.513

}

$Leader_Info  8 {

	Num_Members =  39
	Total_Energy = 46.090
	vdW = -25.584
	Coulomb = 0.029
	Internal = 71.645
	rmsd = 6.344

}

$Leader_Info  9 {

	Num_Members =  43
	Total_Energy = 46.406
	vdW = -22.614
	Coulomb = -2.224
	Internal = 71.243
	rmsd = 10.822

}

$Leader_Info 10 {

	Num_Members =  46
	Total_Energy = 46.464
	vdW = -24.339
	Coulomb = -0.618
	Internal = 71.420
	rmsd = 9.158

}

