$Number_of_Clusters   =  10
$Seed = -1985

$Leader_Info  1 {

	Num_Members =  33
	Total_Energy = 43.026
	vdW = -21.319
	Coulomb = -7.213
	Internal = 71.559
	rmsd = 0.000

}

$Leader_Info  2 {

	Num_Members =  39
	Total_Energy = 43.064
	vdW = -22.278
	Coulomb = -5.836
	Internal = 71.178
	rmsd = 10.192

}

$Leader_Info  3 {

	Num_Members =  47
	Total_Energy = 43.140
	vdW = -28.801
	Coulomb = 0.001
	Internal = 71.941
	rmsd = 9.313

}

$Leader_Info  4 {

	Num_Members =  43
	Total_Energy = 44.464
	vdW = -24.055
	Coulomb = -3.798
	Internal = 72.317
	rmsd = 8.646

}

$Leader_Info  5 {

	Num_Members =  48
	Total_Energy = 44.542
	vdW = -23.188
	Coulomb = -4.001
	Internal = 71.730
	rmsd = 9.564

}

$Leader_Info  6 {

	Num_Members =  38
	Total_Energy = 44.842
	vdW = -26.171
	Coulomb = 0.158
	Internal = 70.856
	rmsd = 9.698

}

$Leader_Info  7 {

	Num_Members =  45
	Total_Energy = 44.889
	vdW = -20.453
	Coulomb = -5.780
	Internal = 71.122
	rmsd = 10.381

}

$Leader_Info  8 {

	Num_Members =  49
	Total_Energy = 45.192
	vdW = -23.428
	Coulomb = -4.452
	Internal = 73.072
	rmsd = 4.941

}

$Leader_Info  9 {

	Num_Members =   3
	Total_Energy = 45.214
	vdW = -26.126
	Coulomb = 0.048
	Internal = 71.292
	rmsd = 1.134

}

$Leader_Info 10 {

	Num_Members =  38
	Total_Energy = 45.346
	vdW = -21.991
	Coulomb = -4.005
	Internal = 71.341
	rmsd = 9.373

}

