$Number_of_Clusters   =  10
$Seed = -1985

$Leader_Info  1 {

	Num_Members =  33
	Total_Energy = 47.980
	vdW = -19.259
	Coulomb = -3.888
	Internal = 71.127
	rmsd = 0.000

}

$Leader_Info  2 {

	Num_Members =  33
	Total_Energy = 48.387
	vdW = -20.152
	Coulomb = -3.478
	Internal = 72.017
	rmsd = 1.676

}

$Leader_Info  3 {

	Num_Members =  40
	Total_Energy = 48.522
	vdW = -19.576
	Coulomb = -3.669
	Internal = 71.766
	rmsd = 3.783

}

$Leader_Info  4 {

	Num_Members =  42
	Total_Energy = 48.753
	vdW = -18.296
	Coulomb = -4.255
	Internal = 71.304
	rmsd = 2.174

}

$Leader_Info  5 {

	Num_Members =  42
	Total_Energy = 49.295
	vdW = -15.586
	Coulomb = -5.989
	Internal = 70.869
	rmsd = 4.943

}

$Leader_Info  6 {

	Num_Members =  35
	Total_Energy = 49.318
	vdW = -12.630
	Coulomb = -9.427
	Internal = 71.374
	rmsd = 5.104

}

$Leader_Info  7 {

	Num_Members =   1
	Total_Energy = 49.803
	vdW = -21.837
	Coulomb = -0.351
	Internal = 71.991
	rmsd = 1.998

}

$Leader_Info  8 {

	Num_Members =  39
	Total_Energy = 50.063
	vdW = -20.919
	Coulomb = -0.109
	Internal = 71.091
	rmsd = 2.897

}

$Leader_Info  9 {

	Num_Members =  47
	Total_Energy = 50.465
	vdW = -20.524
	Coulomb = -0.526
	Internal = 71.515
	rmsd = 5.806

}

$Leader_Info 10 {

	Num_Members =  45
	Total_Energy = 50.493
	vdW = -17.723
	Coulomb = -2.658
	Internal = 70.874
	rmsd = 10.114

}

