$Number_of_Clusters   =  10
$Seed = -1985

$Leader_Info  1 {

	Num_Members =  30
	Total_Energy = 41.394
	vdW = -18.696
	Coulomb = -11.910
	Internal = 72.000
	rmsd = 0.000

}

$Leader_Info  2 {

	Num_Members =  34
	Total_Energy = 41.588
	vdW = -20.470
	Coulomb = -9.557
	Internal = 71.615
	rmsd = 1.843

}

$Leader_Info  3 {

	Num_Members =  43
	Total_Energy = 42.165
	vdW = -17.951
	Coulomb = -11.683
	Internal = 71.799
	rmsd = 2.861

}

$Leader_Info  4 {

	Num_Members =  45
	Total_Energy = 42.353
	vdW = -18.184
	Coulomb = -11.368
	Internal = 71.905
	rmsd = 1.419

}

$Leader_Info  5 {

	Num_Members =  49
	Total_Energy = 42.601
	vdW = -17.059
	Coulomb = -12.410
	Internal = 72.070
	rmsd = 4.511

}

$Leader_Info  6 {

	Num_Members =  48
	Total_Energy = 43.090
	vdW = -22.867
	Coulomb = -4.939
	Internal = 70.896
	rmsd = 6.139

}

$Leader_Info  7 {

	Num_Members =  46
	Total_Energy = 43.324
	vdW = -15.835
	Coulomb = -12.425
	Internal = 71.585
	rmsd = 2.881

}

$Leader_Info  8 {

	Num_Members =  37
	Total_Energy = 43.401
	vdW = -14.520
	Coulomb = -13.458
	Internal = 71.379
	rmsd = 3.066

}

$Leader_Info  9 {

	Num_Members =  38
	Total_Energy = 43.489
	vdW = -17.273
	Coulomb = -11.279
	Internal = 72.041
	rmsd = 3.163

}

$Leader_Info 10 {

	Num_Members =  47
	Total_Energy = 43.506
	vdW = -19.660
	Coulomb = -8.598
	Internal = 71.764
	rmsd = 1.760

}

