$Number_of_Clusters   =  10
$Seed = -1985

$Leader_Info  1 {

	Num_Members =  47
	Total_Energy = 45.849
	vdW = -13.068
	Coulomb = -12.237
	Internal = 71.154
	rmsd = 0.000

}

$Leader_Info  2 {

	Num_Members =  30
	Total_Energy = 45.944
	vdW = -15.020
	Coulomb = -11.460
	Internal = 72.425
	rmsd = 1.720

}

$Leader_Info  3 {

	Num_Members =  37
	Total_Energy = 46.136
	vdW = -14.078
	Coulomb = -11.577
	Internal = 71.791
	rmsd = 1.197

}

$Leader_Info  4 {

	Num_Members =  45
	Total_Energy = 47.324
	vdW = -14.129
	Coulomb = -10.681
	Internal = 72.134
	rmsd = 2.110

}

$Leader_Info  5 {

	Num_Members =  43
	Total_Energy = 47.356
	vdW = -14.359
	Coulomb = -10.797
	Internal = 72.512
	rmsd = 2.910

}

$Leader_Info  6 {

	Num_Members =   1
	Total_Energy = 48.028
	vdW = -15.033
	Coulomb = -9.460
	Internal = 72.522
	rmsd = 2.342

}

$Leader_Info  7 {

	Num_Members =  42
	Total_Energy = 48.224
	vdW = -13.370
	Coulomb = -10.690
	Internal = 72.285
	rmsd = 1.481

}

$Leader_Info  8 {

	Num_Members =  48
	Total_Energy = 48.463
	vdW = -13.842
	Coulomb = -9.463
	Internal = 71.767
	rmsd = 2.347

}

$Leader_Info  9 {

	Num_Members =  45
	Total_Energy = 48.496
	vdW = -14.269
	Coulomb = -8.577
	Internal = 71.342
	rmsd = 4.137

}

$Leader_Info 10 {

	Num_Members =  31
	Total_Energy = 49.265
	vdW = -13.953
	Coulomb = -9.460
	Internal = 72.678
	rmsd = 2.677

}

