$Number_of_Clusters   =  10
$Seed = -1985

$Leader_Info  1 {

	Num_Members =  20
	Total_Energy = 115.551
	vdW = -13.487
	Coulomb = -19.029
	Internal = 148.067
	rmsd = 0.000

}

$Leader_Info  2 {

	Num_Members =  34
	Total_Energy = 116.120
	vdW = -13.817
	Coulomb = -19.714
	Internal = 149.651
	rmsd = 1.637

}

$Leader_Info  3 {

	Num_Members =  46
	Total_Energy = 116.171
	vdW = -18.550
	Coulomb = -15.717
	Internal = 150.438
	rmsd = 12.114

}

$Leader_Info  4 {

	Num_Members =  46
	Total_Energy = 117.497
	vdW = -15.904
	Coulomb = -15.222
	Internal = 148.623
	rmsd = 4.220

}

$Leader_Info  5 {

	Num_Members =  46
	Total_Energy = 117.980
	vdW = -19.103
	Coulomb = -11.482
	Internal = 148.565
	rmsd = 13.159

}

$Leader_Info  6 {

	Num_Members =  45
	Total_Energy = 118.588
	vdW = -24.362
	Coulomb = -5.800
	Internal = 148.750
	rmsd = 12.771

}

$Leader_Info  7 {

	Num_Members =  36
	Total_Energy = 119.085
	vdW = -15.196
	Coulomb = -15.261
	Internal = 149.542
	rmsd = 6.667

}

$Leader_Info  8 {

	Num_Members =  49
	Total_Energy = 119.404
	vdW = -12.198
	Coulomb = -20.204
	Internal = 151.805
	rmsd = 6.586

}

$Leader_Info  9 {

	Num_Members =  47
	Total_Energy = 119.425
	vdW = -13.689
	Coulomb = -17.936
	Internal = 151.050
	rmsd = 4.763

}

$Leader_Info 10 {

	Num_Members =  35
	Total_Energy = 119.544
	vdW = -22.402
	Coulomb = -6.847
	Internal = 148.794
	rmsd = 12.478

}

