$Number_of_Clusters   =  10
$Seed = -1985

$Leader_Info  1 {

	Num_Members =  34
	Total_Energy = 115.528
	vdW = -13.039
	Coulomb = -19.537
	Internal = 148.103
	rmsd = 0.000

}

$Leader_Info  2 {

	Num_Members =  36
	Total_Energy = 115.632
	vdW = -18.193
	Coulomb = -17.969
	Internal = 151.794
	rmsd = 12.182

}

$Leader_Info  3 {

	Num_Members =  40
	Total_Energy = 116.306
	vdW = -23.109
	Coulomb = -9.911
	Internal = 149.327
	rmsd = 13.471

}

$Leader_Info  4 {

	Num_Members =  41
	Total_Energy = 116.644
	vdW = -14.253
	Coulomb = -18.224
	Internal = 149.121
	rmsd = 1.989

}

$Leader_Info  5 {

	Num_Members =  49
	Total_Energy = 116.824
	vdW = -22.316
	Coulomb = -9.716
	Internal = 148.856
	rmsd = 12.311

}

$Leader_Info  6 {

	Num_Members =  44
	Total_Energy = 118.003
	vdW = -14.768
	Coulomb = -16.026
	Internal = 148.797
	rmsd = 4.364

}

$Leader_Info  7 {

	Num_Members =  11
	Total_Energy = 118.283
	vdW = -17.800
	Coulomb = -13.656
	Internal = 149.739
	rmsd = 11.476

}

$Leader_Info  8 {

	Num_Members =  48
	Total_Energy = 118.865
	vdW = -13.952
	Coulomb = -17.724
	Internal = 150.541
	rmsd = 5.400

}

$Leader_Info  9 {

	Num_Members =  48
	Total_Energy = 120.109
	vdW = -16.770
	Coulomb = -12.396
	Internal = 149.275
	rmsd = 8.844

}

$Leader_Info 10 {

	Num_Members =  44
	Total_Energy = 120.216
	vdW = -16.585
	Coulomb = -15.068
	Internal = 151.869
	rmsd = 6.680

}

