$Number_of_Clusters   =  10
$Seed = -1985

$Leader_Info  1 {

	Num_Members =  29
	Total_Energy = 115.834
	vdW = -13.662
	Coulomb = -18.581
	Internal = 148.077
	rmsd = 0.000

}

$Leader_Info  2 {

	Num_Members =  37
	Total_Energy = 115.908
	vdW = -20.479
	Coulomb = -14.412
	Internal = 150.799
	rmsd = 12.204

}

$Leader_Info  3 {

	Num_Members =  43
	Total_Energy = 116.673
	vdW = -19.393
	Coulomb = -13.377
	Internal = 149.443
	rmsd = 6.681

}

$Leader_Info  4 {

	Num_Members =  42
	Total_Energy = 116.717
	vdW = -13.820
	Coulomb = -18.485
	Internal = 149.022
	rmsd = 1.958

}

$Leader_Info  5 {

	Num_Members =  50
	Total_Energy = 117.500
	vdW = -15.181
	Coulomb = -16.036
	Internal = 148.718
	rmsd = 4.289

}

$Leader_Info  6 {

	Num_Members =  45
	Total_Energy = 118.078
	vdW = -14.814
	Coulomb = -16.067
	Internal = 148.959
	rmsd = 7.127

}

$Leader_Info  7 {

	Num_Members =  40
	Total_Energy = 118.088
	vdW = -16.968
	Coulomb = -16.005
	Internal = 151.061
	rmsd = 6.757

}

$Leader_Info  8 {

	Num_Members =  48
	Total_Energy = 118.128
	vdW = -19.197
	Coulomb = -11.115
	Internal = 148.439
	rmsd = 13.059

}

$Leader_Info  9 {

	Num_Members =  41
	Total_Energy = 118.426
	vdW = -24.380
	Coulomb = -5.972
	Internal = 148.778
	rmsd = 12.756

}

$Leader_Info 10 {

	Num_Members =  33
	Total_Energy = 119.113
	vdW = -16.919
	Coulomb = -16.031
	Internal = 152.063
	rmsd = 6.610

}

