$Number_of_Clusters   =  10
$Seed = -1985

$Leader_Info  1 {

	Num_Members =  26
	Total_Energy = 115.915
	vdW = -19.401
	Coulomb = -16.426
	Internal = 151.742
	rmsd = 0.000

}

$Leader_Info  2 {

	Num_Members =  41
	Total_Energy = 116.244
	vdW = -13.689
	Coulomb = -20.322
	Internal = 150.255
	rmsd = 11.860

}

$Leader_Info  3 {

	Num_Members =  38
	Total_Energy = 116.733
	vdW = -22.996
	Coulomb = -9.167
	Internal = 148.895
	rmsd = 6.220

}

$Leader_Info  4 {

	Num_Members =  36
	Total_Energy = 117.078
	vdW = -20.669
	Coulomb = -12.400
	Internal = 150.147
	rmsd = 6.793

}

$Leader_Info  5 {

	Num_Members =  34
	Total_Energy = 117.492
	vdW = -19.601
	Coulomb = -11.504
	Internal = 148.597
	rmsd = 6.710

}

$Leader_Info  6 {

	Num_Members =  45
	Total_Energy = 117.504
	vdW = -15.846
	Coulomb = -15.259
	Internal = 148.609
	rmsd = 10.514

}

$Leader_Info  7 {

	Num_Members =  41
	Total_Energy = 117.526
	vdW = -13.226
	Coulomb = -17.281
	Internal = 148.033
	rmsd = 11.941

}

$Leader_Info  8 {

	Num_Members =  19
	Total_Energy = 117.698
	vdW = -19.639
	Coulomb = -12.772
	Internal = 150.109
	rmsd = 1.283

}

$Leader_Info  9 {

	Num_Members =  42
	Total_Energy = 117.737
	vdW = -19.844
	Coulomb = -14.001
	Internal = 151.582
	rmsd = 13.246

}

$Leader_Info 10 {

	Num_Members =  44
	Total_Energy = 118.145
	vdW = -15.483
	Coulomb = -15.391
	Internal = 149.019
	rmsd = 10.692

}

