$Number_of_Clusters   =  10
$Seed = -1985

$Leader_Info  1 {

	Num_Members =  25
	Total_Energy = 115.587
	vdW = -12.547
	Coulomb = -19.966
	Internal = 148.100
	rmsd = 0.000

}

$Leader_Info  2 {

	Num_Members =  36
	Total_Energy = 115.937
	vdW = -20.644
	Coulomb = -14.141
	Internal = 150.722
	rmsd = 12.263

}

$Leader_Info  3 {

	Num_Members =  36
	Total_Energy = 116.829
	vdW = -14.778
	Coulomb = -17.497
	Internal = 149.104
	rmsd = 2.195

}

$Leader_Info  4 {

	Num_Members =  39
	Total_Energy = 116.840
	vdW = -22.253
	Coulomb = -9.780
	Internal = 148.873
	rmsd = 12.264

}

$Leader_Info  5 {

	Num_Members =  42
	Total_Energy = 117.541
	vdW = -15.041
	Coulomb = -16.334
	Internal = 148.916
	rmsd = 4.374

}

$Leader_Info  6 {

	Num_Members =   2
	Total_Energy = 117.580
	vdW = -19.242
	Coulomb = -13.084
	Internal = 149.906
	rmsd = 11.544

}

$Leader_Info  7 {

	Num_Members =  47
	Total_Energy = 117.996
	vdW = -18.908
	Coulomb = -14.843
	Internal = 151.747
	rmsd = 6.643

}

$Leader_Info  8 {

	Num_Members =   9
	Total_Energy = 118.378
	vdW = -24.337
	Coulomb = -5.827
	Internal = 148.542
	rmsd = 12.908

}

$Leader_Info  9 {

	Num_Members =  45
	Total_Energy = 118.549
	vdW = -12.071
	Coulomb = -18.551
	Internal = 149.171
	rmsd = 5.535

}

$Leader_Info 10 {

	Num_Members =  41
	Total_Energy = 118.918
	vdW = -18.009
	Coulomb = -11.943
	Internal = 148.870
	rmsd = 3.751

}

